engine connected successfully
Traceback (most recent call last):
  File "/usr/local/lib/python3.8/dist-packages/sqlalchemy/engine/base.py", line 1751, in _execute_context
    self.dialect.do_executemany(
  File "/usr/local/lib/python3.8/dist-packages/sqlalchemy/dialects/mysql/mysqldb.py", line 197, in do_executemany
    rowcount = cursor.executemany(statement, parameters)
  File "/usr/local/lib/python3.8/dist-packages/pymysql/cursors.py", line 173, in executemany
    return self._do_execute_many(
  File "/usr/local/lib/python3.8/dist-packages/pymysql/cursors.py", line 211, in _do_execute_many
    rows += self.execute(sql + postfix)
  File "/usr/local/lib/python3.8/dist-packages/pymysql/cursors.py", line 148, in execute
    result = self._query(query)
  File "/usr/local/lib/python3.8/dist-packages/pymysql/cursors.py", line 310, in _query
    conn.query(q)
  File "/usr/local/lib/python3.8/dist-packages/pymysql/connections.py", line 548, in query
    self._affected_rows = self._read_query_result(unbuffered=unbuffered)
  File "/usr/local/lib/python3.8/dist-packages/pymysql/connections.py", line 775, in _read_query_result
    result.read()
  File "/usr/local/lib/python3.8/dist-packages/pymysql/connections.py", line 1156, in read
    first_packet = self.connection._read_packet()
  File "/usr/local/lib/python3.8/dist-packages/pymysql/connections.py", line 725, in _read_packet
    packet.raise_for_error()
  File "/usr/local/lib/python3.8/dist-packages/pymysql/protocol.py", line 221, in raise_for_error
    err.raise_mysql_exception(self._data)
  File "/usr/local/lib/python3.8/dist-packages/pymysql/err.py", line 143, in raise_mysql_exception
    raise errorclass(errno, errval)
pymysql.err.IntegrityError: (1062, "Duplicate entry '688021.SH-20210331-1' for key 'PRIMARY'")

The above exception was the direct cause of the following exception:

Traceback (most recent call last):
  File "/root/users/Nick/invest/mysql_functions.py", line 91, in update_all_balancesheet
    df.to_sql('balancesheet', engine, if_exists='append', index=False)
  File "/usr/local/lib/python3.8/dist-packages/pandas/core/generic.py", line 2869, in to_sql
    sql.to_sql(
  File "/usr/local/lib/python3.8/dist-packages/pandas/io/sql.py", line 717, in to_sql
    pandas_sql.to_sql(
  File "/usr/local/lib/python3.8/dist-packages/pandas/io/sql.py", line 1761, in to_sql
    sql_engine.insert_records(
  File "/usr/local/lib/python3.8/dist-packages/pandas/io/sql.py", line 1350, in insert_records
    raise err
  File "/usr/local/lib/python3.8/dist-packages/pandas/io/sql.py", line 1340, in insert_records
    table.insert(chunksize=chunksize, method=method)
  File "/usr/local/lib/python3.8/dist-packages/pandas/io/sql.py", line 967, in insert
    exec_insert(conn, keys, chunk_iter)
  File "/usr/local/lib/python3.8/dist-packages/pandas/io/sql.py", line 882, in _execute_insert
    conn.execute(self.table.insert(), data)
  File "/usr/local/lib/python3.8/dist-packages/sqlalchemy/engine/base.py", line 1263, in execute
    return meth(self, multiparams, params, _EMPTY_EXECUTION_OPTS)
  File "/usr/local/lib/python3.8/dist-packages/sqlalchemy/sql/elements.py", line 323, in _execute_on_connection
    return connection._execute_clauseelement(
  File "/usr/local/lib/python3.8/dist-packages/sqlalchemy/engine/base.py", line 1452, in _execute_clauseelement
    ret = self._execute_context(
  File "/usr/local/lib/python3.8/dist-packages/sqlalchemy/engine/base.py", line 1814, in _execute_context
    self._handle_dbapi_exception(
  File "/usr/local/lib/python3.8/dist-packages/sqlalchemy/engine/base.py", line 1995, in _handle_dbapi_exception
    util.raise_(
  File "/usr/local/lib/python3.8/dist-packages/sqlalchemy/util/compat.py", line 207, in raise_
    raise exception
  File "/usr/local/lib/python3.8/dist-packages/sqlalchemy/engine/base.py", line 1751, in _execute_context
    self.dialect.do_executemany(
  File "/usr/local/lib/python3.8/dist-packages/sqlalchemy/dialects/mysql/mysqldb.py", line 197, in do_executemany
    rowcount = cursor.executemany(statement, parameters)
  File "/usr/local/lib/python3.8/dist-packages/pymysql/cursors.py", line 173, in executemany
    return self._do_execute_many(
  File "/usr/local/lib/python3.8/dist-packages/pymysql/cursors.py", line 211, in _do_execute_many
    rows += self.execute(sql + postfix)
  File "/usr/local/lib/python3.8/dist-packages/pymysql/cursors.py", line 148, in execute
    result = self._query(query)
  File "/usr/local/lib/python3.8/dist-packages/pymysql/cursors.py", line 310, in _query
    conn.query(q)
  File "/usr/local/lib/python3.8/dist-packages/pymysql/connections.py", line 548, in query
    self._affected_rows = self._read_query_result(unbuffered=unbuffered)
  File "/usr/local/lib/python3.8/dist-packages/pymysql/connections.py", line 775, in _read_query_result
    result.read()
  File "/usr/local/lib/python3.8/dist-packages/pymysql/connections.py", line 1156, in read
    first_packet = self.connection._read_packet()
  File "/usr/local/lib/python3.8/dist-packages/pymysql/connections.py", line 725, in _read_packet
    packet.raise_for_error()
  File "/usr/local/lib/python3.8/dist-packages/pymysql/protocol.py", line 221, in raise_for_error
    err.raise_mysql_exception(self._data)
  File "/usr/local/lib/python3.8/dist-packages/pymysql/err.py", line 143, in raise_mysql_exception
    raise errorclass(errno, errval)
sqlalchemy.exc.IntegrityError: (pymysql.err.IntegrityError) (1062, "Duplicate entry '688021.SH-20210331-1' for key 'PRIMARY'")
[SQL: INSERT INTO balancesheet (ts_code, ann_date, f_ann_date, end_date, report_type, comp_type, total_share, cap_rese, undistr_porfit, surplus_rese, special_rese, money_cap, trad_asset, notes_receiv, accounts_receiv, oth_receiv, prepayment, div_receiv, int_receiv, inventories, amor_exp, nca_within_1y, sett_rsrv, loanto_oth_bank_fi, premium_receiv, reinsur_receiv, reinsur_res_receiv, pur_resale_fa, oth_cur_assets, total_cur_assets, fa_avail_for_sale, htm_invest, lt_eqt_invest, invest_real_estate, time_deposits, oth_assets, lt_rec, fix_assets, cip, const_materials, fixed_assets_disp, produc_bio_assets, oil_and_gas_assets, intan_assets, r_and_d, goodwill, lt_amor_exp, defer_tax_assets, decr_in_disbur, oth_nca, total_nca, cash_reser_cb, depos_in_oth_bfi, prec_metals, deriv_assets, rr_reins_une_prem, rr_reins_outstd_cla, rr_reins_lins_liab, rr_reins_lthins_liab, refund_depos, ph_pledge_loans, refund_cap_depos, indep_acct_assets, client_depos, client_prov, transac_seat_fee, invest_as_receiv, total_assets, lt_borr, st_borr, cb_borr, depos_ib_deposits, loan_oth_bank, trading_fl, notes_payable, acct_payable, adv_receipts, sold_for_repur_fa, comm_payable, payroll_payable, taxes_payable, int_payable, div_payable, oth_payable, acc_exp, deferred_inc, st_bonds_payable, payable_to_reinsurer, rsrv_insur_cont, acting_trading_sec, acting_uw_sec, non_cur_liab_due_1y, oth_cur_liab, total_cur_liab, bond_payable, lt_payable, specific_payables, estimated_liab, defer_tax_liab, defer_inc_non_cur_liab, oth_ncl, total_ncl, depos_oth_bfi, deriv_liab, depos, agency_bus_liab, oth_liab, prem_receiv_adva, depos_received, ph_invest, reser_une_prem, reser_outstd_claims, reser_lins_liab, reser_lthins_liab, indept_acc_liab, pledge_borr, indem_payable, policy_div_payable, total_liab, treasury_share, ordin_risk_reser, forex_differ, invest_loss_unconf, minority_int, total_hldr_eqy_exc_min_int, total_hldr_eqy_inc_min_int, total_liab_hldr_eqy, lt_payroll_payable, oth_comp_income, oth_eqt_tools, oth_eqt_tools_p_shr, lending_funds, acc_receivable, st_fin_payable, payables, hfs_assets, hfs_sales, update_flag) VALUES (%(ts_code)s, %(ann_date)s, %(f_ann_date)s, %(end_date)s, %(report_type)s, %(comp_type)s, %(total_share)s, %(cap_rese)s, %(undistr_porfit)s, %(surplus_rese)s, %(special_rese)s, %(money_cap)s, %(trad_asset)s, %(notes_receiv)s, %(accounts_receiv)s, %(oth_receiv)s, %(prepayment)s, %(div_receiv)s, %(int_receiv)s, %(inventories)s, %(amor_exp)s, %(nca_within_1y)s, %(sett_rsrv)s, %(loanto_oth_bank_fi)s, %(premium_receiv)s, %(reinsur_receiv)s, %(reinsur_res_receiv)s, %(pur_resale_fa)s, %(oth_cur_assets)s, %(total_cur_assets)s, %(fa_avail_for_sale)s, %(htm_invest)s, %(lt_eqt_invest)s, %(invest_real_estate)s, %(time_deposits)s, %(oth_assets)s, %(lt_rec)s, %(fix_assets)s, %(cip)s, %(const_materials)s, %(fixed_assets_disp)s, %(produc_bio_assets)s, %(oil_and_gas_assets)s, %(intan_assets)s, %(r_and_d)s, %(goodwill)s, %(lt_amor_exp)s, %(defer_tax_assets)s, %(decr_in_disbur)s, %(oth_nca)s, %(total_nca)s, %(cash_reser_cb)s, %(depos_in_oth_bfi)s, %(prec_metals)s, %(deriv_assets)s, %(rr_reins_une_prem)s, %(rr_reins_outstd_cla)s, %(rr_reins_lins_liab)s, %(rr_reins_lthins_liab)s, %(refund_depos)s, %(ph_pledge_loans)s, %(refund_cap_depos)s, %(indep_acct_assets)s, %(client_depos)s, %(client_prov)s, %(transac_seat_fee)s, %(invest_as_receiv)s, %(total_assets)s, %(lt_borr)s, %(st_borr)s, %(cb_borr)s, %(depos_ib_deposits)s, %(loan_oth_bank)s, %(trading_fl)s, %(notes_payable)s, %(acct_payable)s, %(adv_receipts)s, %(sold_for_repur_fa)s, %(comm_payable)s, %(payroll_payable)s, %(taxes_payable)s, %(int_payable)s, %(div_payable)s, %(oth_payable)s, %(acc_exp)s, %(deferred_inc)s, %(st_bonds_payable)s, %(payable_to_reinsurer)s, %(rsrv_insur_cont)s, %(acting_trading_sec)s, %(acting_uw_sec)s, %(non_cur_liab_due_1y)s, %(oth_cur_liab)s, %(total_cur_liab)s, %(bond_payable)s, %(lt_payable)s, %(specific_payables)s, %(estimated_liab)s, %(defer_tax_liab)s, %(defer_inc_non_cur_liab)s, %(oth_ncl)s, %(total_ncl)s, %(depos_oth_bfi)s, %(deriv_liab)s, %(depos)s, %(agency_bus_liab)s, %(oth_liab)s, %(prem_receiv_adva)s, %(depos_received)s, %(ph_invest)s, %(reser_une_prem)s, %(reser_outstd_claims)s, %(reser_lins_liab)s, %(reser_lthins_liab)s, %(indept_acc_liab)s, %(pledge_borr)s, %(indem_payable)s, %(policy_div_payable)s, %(total_liab)s, %(treasury_share)s, %(ordin_risk_reser)s, %(forex_differ)s, %(invest_loss_unconf)s, %(minority_int)s, %(total_hldr_eqy_exc_min_int)s, %(total_hldr_eqy_inc_min_int)s, %(total_liab_hldr_eqy)s, %(lt_payroll_payable)s, %(oth_comp_income)s, %(oth_eqt_tools)s, %(oth_eqt_tools_p_shr)s, %(lending_funds)s, %(acc_receivable)s, %(st_fin_payable)s, %(payables)s, %(hfs_assets)s, %(hfs_sales)s, %(update_flag)s)]
[parameters: ({'ts_code': '688021.SH', 'ann_date': '20210430', 'f_ann_date': '20210430', 'end_date': '20210331', 'report_type': '1', 'comp_type': '1', 'total_share': 77283584.0, 'cap_rese': 612614152.79, 'undistr_porfit': 183907944.75, 'surplus_rese': 24107017.27, 'special_rese': None, 'money_cap': 420117120.65, 'trad_asset': 10055634.53, 'notes_receiv': 116040469.26, 'accounts_receiv': 129168082.21, 'oth_receiv': None, 'prepayment': 2569992.15, 'div_receiv': None, 'int_receiv': None, 'inventories': 208884697.44, 'amor_exp': None, 'nca_within_1y': None, 'sett_rsrv': None, 'loanto_oth_bank_fi': None, 'premium_receiv': None, 'reinsur_receiv': None, 'reinsur_res_receiv': None, 'pur_resale_fa': None, 'oth_cur_assets': 8830778.95, 'total_cur_assets': 898427308.16, 'fa_avail_for_sale': None, 'htm_invest': None, 'lt_eqt_invest': None, 'invest_real_estate': None, 'time_deposits': None, 'oth_assets': None, 'lt_rec': None, 'fix_assets': 244868298.95, 'cip': 78435423.61, 'const_materials': None, 'fixed_assets_disp': None, 'produc_bio_assets': None, 'oil_and_gas_assets': None, 'intan_assets': 32388693.78, 'r_and_d': None, 'goodwill': None, 'lt_amor_exp': 141487.34, 'defer_tax_assets': 7758171.62, 'decr_in_disbur': None, 'oth_nca': 21623038.1, 'total_nca': 389295113.4, 'cash_reser_cb': None, 'depos_in_oth_bfi': None, 'prec_metals': None, 'deriv_assets': None, 'rr_reins_une_prem': None, 'rr_reins_outstd_cla': None, 'rr_reins_lins_liab': None, 'rr_reins_lthins_liab': None, 'refund_depos': None, 'ph_pledge_loans': None, 'refund_cap_depos': None, 'indep_acct_assets': None, 'client_depos': None, 'client_prov': None, 'transac_seat_fee': None, 'invest_as_receiv': None, 'total_assets': 1287722421.56, 'lt_borr': 9979900.0, 'st_borr': 158896082.87, 'cb_borr': None, 'depos_ib_deposits': None, 'loan_oth_bank': None, 'trading_fl': None, 'notes_payable': 79435537.29, 'acct_payable': 38592811.45, 'adv_receipts': None, 'sold_for_repur_fa': None, 'comm_payable': None, 'payroll_payable': 5272164.22, 'taxes_payable': 5951378.8, 'int_payable': 183997.75, 'div_payable': 24730746.88, 'oth_payable': 2152299.83, 'acc_exp': None, 'deferred_inc': None, 'st_bonds_payable': None, 'payable_to_reinsurer': None, 'rsrv_insur_cont': None, 'acting_trading_sec': None, 'acting_uw_sec': None, 'non_cur_liab_due_1y': None, 'oth_cur_liab': 2382205.66, 'total_cur_liab': 335706839.7, 'bond_payable': None, 'lt_payable': None, 'specific_payables': None, 'estimated_liab': 2241428.78, 'defer_tax_liab': None, 'defer_inc_non_cur_liab': 21482739.37, 'oth_ncl': None, 'total_ncl': 33704068.15, 'depos_oth_bfi': None, 'deriv_liab': None, 'depos': None, 'agency_bus_liab': None, 'oth_liab': None, 'prem_receiv_adva': None, 'depos_received': None, 'ph_invest': None, 'reser_une_prem': None, 'reser_outstd_claims': None, 'reser_lins_liab': None, 'reser_lthins_liab': None, 'indept_acc_liab': None, 'pledge_borr': None, 'indem_payable': None, 'policy_div_payable': None, 'total_liab': 369410907.85, 'treasury_share': None, 'ordin_risk_reser': None, 'forex_differ': None, 'invest_loss_unconf': None, 'minority_int': 20398814.9, 'total_hldr_eqy_exc_min_int': 897912698.81, 'total_hldr_eqy_inc_min_int': 918311513.71, 'total_liab_hldr_eqy': 1287722421.56, 'lt_payroll_payable': None, 'oth_comp_income': None, 'oth_eqt_tools': None, 'oth_eqt_tools_p_shr': None, 'lending_funds': None, 'acc_receivable': None, 'st_fin_payable': None, 'payables': None, 'hfs_assets': None, 'hfs_sales': None, 'update_flag': '0'}, {'ts_code': '688021.SH', 'ann_date': '20210227', 'f_ann_date': '20210227', 'end_date': '20201231', 'report_type': '1', 'comp_type': '1', 'total_share': 77283584.0, 'cap_rese': 612614152.79, 'undistr_porfit': 181865707.62, 'surplus_rese': 24107017.27, 'special_rese': None, 'money_cap': 261081032.73, 'trad_asset': 166769239.29, 'notes_receiv': 107104545.42, 'accounts_receiv': 115784316.44, 'oth_receiv': 788648.01, 'prepayment': 4521179.34, 'div_receiv': None, 'int_receiv': None, 'inventories': 179981121.11, 'amor_exp': None, 'nca_within_1y': None, 'sett_rsrv': None, 'loanto_oth_bank_fi': None, 'premium_receiv': None, 'reinsur_receiv': None, 'reinsur_res_receiv': None, 'pur_resale_fa': None, 'oth_cur_assets': 9334067.36, 'total_cur_assets': 847066290.08, 'fa_avail_for_sale': None, 'htm_invest': None, 'lt_eqt_invest': None, 'invest_real_estate': None, 'time_deposits': None, 'oth_assets': None, 'lt_rec': None, 'fix_assets': 259437121.54, 'cip': 51349629.96, 'const_materials': None, 'fixed_assets_disp': None, 'produc_bio_assets': None, 'oil_and_gas_assets': None, 'intan_assets': 32623578.59, 'r_and_d': None, 'goodwill': None, 'lt_amor_exp': 20812.87, 'defer_tax_assets': 8670783.26, 'decr_in_disbur': None, 'oth_nca': 14937856.54, 'total_nca': 371119782.76, 'cash_reser_cb': None, 'depos_in_oth_bfi': None, 'prec_metals': None, 'deriv_assets': None, 'rr_reins_une_prem': None, 'rr_reins_outstd_cla': None, 'rr_reins_lins_liab': None, 'rr_reins_lthins_liab': None, 'refund_depos': None, 'ph_pledge_loans': None, 'refund_cap_depos': None, 'indep_acct_assets': None, 'client_depos': None, 'client_prov': None, 'transac_seat_fee': None, 'invest_as_receiv': None, 'total_assets': 1218186072.84, 'lt_borr': 9979900.0, 'st_borr': 121340180.0, 'cb_borr': None, 'depos_ib_deposits': None, 'loan_oth_bank': None, 'trading_fl': None, 'notes_payable': 57105710.37, 'acct_payable': 52456472.67, 'adv_receipts': None, 'sold_for_repur_fa': None, 'comm_payable': None, 'payroll_payable': 10852626.26, 'taxes_payable': 2976891.57, 'int_payable': 168722.04, 'div_payable': None, 'oth_payable': 1630627.69, 'acc_exp': None, 'deferred_inc': None, 'st_bonds_payable': None, 'payable_to_reinsurer': None, 'rsrv_insur_cont': None, 'acting_trading_sec': None, 'acting_uw_sec': None, 'non_cur_liab_due_1y': None, 'oth_cur_liab': 2145571.71, 'total_cur_liab': 266721719.74, 'bond_payable': None, 'lt_payable': None, 'specific_payables': None, 'estimated_liab': 2357232.03, 'defer_tax_liab': None, 'defer_inc_non_cur_liab': 22120989.38, 'oth_ncl': None, 'total_ncl': 34458121.41, 'depos_oth_bfi': None, 'deriv_liab': None, 'depos': None, 'agency_bus_liab': None, 'oth_liab': None, 'prem_receiv_adva': None, 'depos_received': None, 'ph_invest': None, 'reser_une_prem': None, 'reser_outstd_claims': None, 'reser_lins_liab': None, 'reser_lthins_liab': None, 'indept_acc_liab': None, 'pledge_borr': None, 'indem_payable': None, 'policy_div_payable': None, 'total_liab': 301179841.15, 'treasury_share': None, 'ordin_risk_reser': None, 'forex_differ': None, 'invest_loss_unconf': None, 'minority_int': 21135770.01, 'total_hldr_eqy_exc_min_int': 895870461.68, 'total_hldr_eqy_inc_min_int': 917006231.69, 'total_liab_hldr_eqy': 1218186072.84, 'lt_payroll_payable': None, 'oth_comp_income': None, 'oth_eqt_tools': None, 'oth_eqt_tools_p_shr': None, 'lending_funds': None, 'acc_receivable': None, 'st_fin_payable': None, 'payables': None, 'hfs_assets': None, 'hfs_sales': None, 'update_flag': '0'}, {'ts_code': '688021.SH', 'ann_date': '20201027', 'f_ann_date': '20201027', 'end_date': '20200930', 'report_type': '1', 'comp_type': '1', 'total_share': 77283584.0, 'cap_rese': 612614152.79, 'undistr_porfit': 172197816.63, 'surplus_rese': 17140368.18, 'special_rese': None, 'money_cap': 222141499.8, 'trad_asset': 174233750.0, 'notes_receiv': 129423482.03, 'accounts_receiv': 122597370.29, 'oth_receiv': None, 'prepayment': 8751175.1, 'div_receiv': None, 'int_receiv': None, 'inventories': 177571736.24, 'amor_exp': None, 'nca_within_1y': None, 'sett_rsrv': None, 'loanto_oth_bank_fi': None, 'premium_receiv': None, 'reinsur_receiv': None, 'reinsur_res_receiv': None, 'pur_resale_fa': None, 'oth_cur_assets': 6317540.22, 'total_cur_assets': 843750142.01, 'fa_avail_for_sale': None, 'htm_invest': None, 'lt_eqt_invest': None, 'invest_real_estate': None, 'time_deposits': None, 'oth_assets': None, 'lt_rec': None, 'fix_assets': 244421899.45, 'cip': 37435652.96, 'const_materials': None, 'fixed_assets_disp': None, 'produc_bio_assets': None, 'oil_and_gas_assets': None, 'intan_assets': 32844430.83, 'r_and_d': None, 'goodwill': None, 'lt_amor_exp': 22758.81, 'defer_tax_assets': 6013366.54, 'decr_in_disbur': None, 'oth_nca': 20081011.77, 'total_nca': 344899120.36, 'cash_reser_cb': None, 'depos_in_oth_bfi': None, 'prec_metals': None, 'deriv_assets': None, 'rr_reins_une_prem': None, 'rr_reins_outstd_cla': None, 'rr_reins_lins_liab': None, 'rr_reins_lthins_liab': None, 'refund_depos': None, 'ph_pledge_loans': None, 'refund_cap_depos': None, 'indep_acct_assets': None, 'client_depos': None, 'client_prov': None, 'transac_seat_fee': None, 'invest_as_receiv': None, 'total_assets': 1188649262.37, 'lt_borr': 9999900.0, 'st_borr': 104750000.0, 'cb_borr': None, 'depos_ib_deposits': None, 'loan_oth_bank': None, 'trading_fl': None, 'notes_payable': 49520942.64, 'acct_payable': 42104961.34, 'adv_receipts': None, 'sold_for_repur_fa': None, 'comm_payable': None, 'payroll_payable': 4358117.83, 'taxes_payable': 5232141.01, 'int_payable': 140124.88, 'div_payable': None, 'oth_payable': None, 'acc_exp': None, 'deferred_inc': None, 'st_bonds_payable': None, 'payable_to_reinsurer': None, 'rsrv_insur_cont': None, 'acting_trading_sec': None, 'acting_uw_sec': None, 'non_cur_liab_due_1y': 13500000.0, 'oth_cur_liab': None, 'total_cur_liab': 252561234.88, 'bond_payable': None, 'lt_payable': None, 'specific_payables': None, 'estimated_liab': 1980154.53, 'defer_tax_liab': None, 'defer_inc_non_cur_liab': 22381848.62, 'oth_ncl': None, 'total_ncl': 34361903.15, 'depos_oth_bfi': None, 'deriv_liab': None, 'depos': None, 'agency_bus_liab': None, 'oth_liab': None, 'prem_receiv_adva': None, 'depos_received': None, 'ph_invest': None, 'reser_une_prem': None, 'reser_outstd_claims': None, 'reser_lins_liab': None, 'reser_lthins_liab': None, 'indept_acc_liab': None, 'pledge_borr': None, 'indem_payable': None, 'policy_div_payable': None, 'total_liab': 286923138.03, 'treasury_share': None, 'ordin_risk_reser': None, 'forex_differ': None, 'invest_loss_unconf': None, 'minority_int': 22490202.74, 'total_hldr_eqy_exc_min_int': 879235921.6, 'total_hldr_eqy_inc_min_int': 901726124.34, 'total_liab_hldr_eqy': 1188649262.37, 'lt_payroll_payable': None, 'oth_comp_income': None, 'oth_eqt_tools': None, 'oth_eqt_tools_p_shr': None, 'lending_funds': None, 'acc_receivable': None, 'st_fin_payable': None, 'payables': None, 'hfs_assets': None, 'hfs_sales': None, 'update_flag': '0'}, {'ts_code': '688021.SH', 'ann_date': '20200828', 'f_ann_date': '20200828', 'end_date': '20200630', 'report_type': '1', 'comp_type': '1', 'total_share': 77283584.0, 'cap_rese': 612614152.79, 'undistr_porfit': 151679800.2, 'surplus_rese': 17140368.18, 'special_rese': None, 'money_cap': 220321693.43, 'trad_asset': 181738750.0, 'notes_receiv': 58182191.94, 'accounts_receiv': 149777803.91, 'oth_receiv': 2114394.86, 'prepayment': 4999933.9, 'div_receiv': None, 'int_receiv': None, 'inventories': 168709797.88, 'amor_exp': None, 'nca_within_1y': None, 'sett_rsrv': None, 'loanto_oth_bank_fi': None, 'premium_receiv': None, 'reinsur_receiv': None, 'reinsur_res_receiv': None, 'pur_resale_fa': None, 'oth_cur_assets': 1616731.54, 'total_cur_assets': 787461297.46, 'fa_avail_for_sale': None, 'htm_invest': None, 'lt_eqt_invest': None, 'invest_real_estate': None, 'time_deposits': None, 'oth_assets': None, 'lt_rec': None, 'fix_assets': 209433091.18, 'cip': 34048691.12, 'const_materials': 0.0, 'fixed_assets_disp': 0.0, 'produc_bio_assets': None, 'oil_and_gas_assets': None, 'intan_assets': 32988946.2, 'r_and_d': None, 'goodwill': None, 'lt_amor_exp': 31655.95, 'defer_tax_assets': 6165975.92, 'decr_in_disbur': None, 'oth_nca': 24162364.91, 'total_nca': 310910725.28, 'cash_reser_cb': None, 'depos_in_oth_bfi': None, 'prec_metals': None, 'deriv_assets': None, 'rr_reins_une_prem': None, 'rr_reins_outstd_cla': None, 'rr_reins_lins_liab': None, 'rr_reins_lthins_liab': None, 'refund_depos': None, 'ph_pledge_loans': None, 'refund_cap_depos': None, 'indep_acct_assets': None, 'client_depos': None, 'client_prov': None, 'transac_seat_fee': None, 'invest_as_receiv': None, 'total_assets': 1098372022.74, 'lt_borr': 9999900.0, 'st_borr': 59750000.0, 'cb_borr': None, 'depos_ib_deposits': None, 'loan_oth_bank': None, 'trading_fl': None, 'notes_payable': 46622190.28, 'acct_payable': 26894875.55, 'adv_receipts': None, 'sold_for_repur_fa': None, 'comm_payable': None, 'payroll_payable': 4014528.08, 'taxes_payable': 4911135.85, 'int_payable': 122527.48, 'div_payable': 0.0, 'oth_payable': 2568985.16, 'acc_exp': None, 'deferred_inc': None, 'st_bonds_payable': None, 'payable_to_reinsurer': None, 'rsrv_insur_cont': None, 'acting_trading_sec': None, 'acting_uw_sec': None, 'non_cur_liab_due_1y': 34000000.0, 'oth_cur_liab': None, 'total_cur_liab': 205757642.81, 'bond_payable': None, 'lt_payable': None, 'specific_payables': None, 'estimated_liab': 1936476.13, 'defer_tax_liab': None, 'defer_inc_non_cur_liab': 21960098.63, 'oth_ncl': None, 'total_ncl': 33896474.76, 'depos_oth_bfi': None, 'deriv_liab': None, 'depos': None, 'agency_bus_liab': None, 'oth_liab': None, 'prem_receiv_adva': None, 'depos_received': None, 'ph_invest': None, 'reser_une_prem': None, 'reser_outstd_claims': None, 'reser_lins_liab': None, 'reser_lthins_liab': None, 'indept_acc_liab': None, 'pledge_borr': None, 'indem_payable': None, 'policy_div_payable': None, 'total_liab': 239654117.57, 'treasury_share': None, 'ordin_risk_reser': None, 'forex_differ': None, 'invest_loss_unconf': None, 'minority_int': None, 'total_hldr_eqy_exc_min_int': 858717905.17, 'total_hldr_eqy_inc_min_int': 858717905.17, 'total_liab_hldr_eqy': 1098372022.74, 'lt_payroll_payable': None, 'oth_comp_income': None, 'oth_eqt_tools': None, 'oth_eqt_tools_p_shr': None, 'lending_funds': None, 'acc_receivable': None, 'st_fin_payable': None, 'payables': None, 'hfs_assets': None, 'hfs_sales': None, 'update_flag': '0'}, {'ts_code': '688021.SH', 'ann_date': '20200429', 'f_ann_date': '20200429', 'end_date': '20200331', 'report_type': '1', 'comp_type': '1', 'total_share': 77283584.0, 'cap_rese': 612614152.79, 'undistr_porfit': 145019329.01, 'surplus_rese': 17140368.18, 'special_rese': None, 'money_cap': 245449660.9, 'trad_asset': 180000000.0, 'notes_receiv': 70919256.61, 'accounts_receiv': 142326836.52, 'oth_receiv': None, 'prepayment': 8284359.51, 'div_receiv': None, 'int_receiv': None, 'inventories': 181804127.71, 'amor_exp': None, 'nca_within_1y': None, 'sett_rsrv': None, 'loanto_oth_bank_fi': None, 'premium_receiv': None, 'reinsur_receiv': None, 'reinsur_res_receiv': None, 'pur_resale_fa': None, 'oth_cur_assets': 3203007.22, 'total_cur_assets': 835015897.04, 'fa_avail_for_sale': None, 'htm_invest': None, 'lt_eqt_invest': None, 'invest_real_estate': None, 'time_deposits': None, 'oth_assets': None, 'lt_rec': None, 'fix_assets': 199144245.55, 'cip': None, 'const_materials': None, 'fixed_assets_disp': None, 'produc_bio_assets': None, 'oil_and_gas_assets': None, 'intan_assets': 32957768.64, 'r_and_d': None, 'goodwill': None, 'lt_amor_exp': 56912.32, 'defer_tax_assets': 4913690.87, 'decr_in_disbur': None, 'oth_nca': 17128736.2, 'total_nca': 291486634.96, 'cash_reser_cb': None, 'depos_in_oth_bfi': None, 'prec_metals': None, 'deriv_assets': None, 'rr_reins_une_prem': None, 'rr_reins_outstd_cla': None, 'rr_reins_lins_liab': None, 'rr_reins_lthins_liab': None, 'refund_depos': None, 'ph_pledge_loans': None, 'refund_cap_depos': None, 'indep_acct_assets': None, 'client_depos': None, 'client_prov': None, 'transac_seat_fee': None, 'invest_as_receiv': None, 'total_assets': 1126502532.0, 'lt_borr': None, 'st_borr': 90036285.0, 'cb_borr': None, 'depos_ib_deposits': None, 'loan_oth_bank': None, 'trading_fl': None, 'notes_payable': 30701997.46, 'acct_payable': 60382631.02, 'adv_receipts': 26862601.53, 'sold_for_repur_fa': None, 'comm_payable': None, 'payroll_payable': 4884812.99, 'taxes_payable': 2113003.97, 'int_payable': None, 'div_payable': None, 'oth_payable': None, 'acc_exp': None, 'deferred_inc': None, 'st_bonds_payable': None, 'payable_to_reinsurer': None, 'rsrv_insur_cont': None, 'acting_trading_sec': None, 'acting_uw_sec': None, 'non_cur_liab_due_1y': 34500000.0, 'oth_cur_liab': None, 'total_cur_liab': 250539199.17, 'bond_payable': None, 'lt_payable': None, 'specific_payables': None, 'estimated_liab': 1958440.98, 'defer_tax_liab': None, 'defer_inc_non_cur_liab': 21947457.87, 'oth_ncl': None, 'total_ncl': 23905898.85, 'depos_oth_bfi': None, 'deriv_liab': None, 'depos': None, 'agency_bus_liab': None, 'oth_liab': None, 'prem_receiv_adva': None, 'depos_received': None, 'ph_invest': None, 'reser_une_prem': None, 'reser_outstd_claims': None, 'reser_lins_liab': None, 'reser_lthins_liab': None, 'indept_acc_liab': None, 'pledge_borr': None, 'indem_payable': None, 'policy_div_payable': None, 'total_liab': 274445098.02, 'treasury_share': None, 'ordin_risk_reser': None, 'forex_differ': None, 'invest_loss_unconf': None, 'minority_int': None, 'total_hldr_eqy_exc_min_int': 852057433.98, 'total_hldr_eqy_inc_min_int': 852057433.98, 'total_liab_hldr_eqy': 1126502532.0, 'lt_payroll_payable': None, 'oth_comp_income': None, 'oth_eqt_tools': None, 'oth_eqt_tools_p_shr': None, 'lending_funds': None, 'acc_receivable': None, 'st_fin_payable': None, 'payables': None, 'hfs_assets': None, 'hfs_sales': None, 'update_flag': '1'}, {'ts_code': '688021.SH', 'ann_date': '20200416', 'f_ann_date': '20200416', 'end_date': '20191231', 'report_type': '1', 'comp_type': '1', 'total_share': 77283584.0, 'cap_rese': 612614152.79, 'undistr_porfit': 124268228.81, 'surplus_rese': 17140368.18, 'special_rese': None, 'money_cap': 446893493.19, 'trad_asset': None, 'notes_receiv': 57838456.11, 'accounts_receiv': 120592045.61, 'oth_receiv': 1337495.55, 'prepayment': 4602275.66, 'div_receiv': None, 'int_receiv': None, 'inventories': 150257304.63, 'amor_exp': None, 'nca_within_1y': None, 'sett_rsrv': None, 'loanto_oth_bank_fi': None, 'premium_receiv': None, 'reinsur_receiv': None, 'reinsur_res_receiv': None, 'pur_resale_fa': None, 'oth_cur_assets': 5632572.89, 'total_cur_assets': 787153643.64, 'fa_avail_for_sale': None, 'htm_invest': None, 'lt_eqt_invest': None, 'invest_real_estate': None, 'time_deposits': None, 'oth_assets': None, 'lt_rec': None, 'fix_assets': 196806604.81, 'cip': 31427161.07, 'const_materials': None, 'fixed_assets_disp': None, 'produc_bio_assets': None, 'oil_and_gas_assets': None, 'intan_assets': 33179450.49, 'r_and_d': None, 'goodwill': None, 'lt_amor_exp': 131105.19, 'defer_tax_assets': 5049965.65, 'decr_in_disbur': None, 'oth_nca': 12109633.44, 'total_nca': 281203920.65, 'cash_reser_cb': None, 'depos_in_oth_bfi': None, 'prec_metals': None, 'deriv_assets': None, 'rr_reins_une_prem': None, 'rr_reins_outstd_cla': None, 'rr_reins_lins_liab': None, 'rr_reins_lthins_liab': None, 'refund_depos': None, 'ph_pledge_loans': None, 'refund_cap_depos': None, 'indep_acct_assets': None, 'client_depos': None, 'client_prov': None, 'transac_seat_fee': None, 'invest_as_receiv': None, 'total_assets': 1068357564.29, 'lt_borr': None, 'st_borr': 75230000.0, 'cb_borr': None, 'depos_ib_deposits': None, 'loan_oth_bank': None, 'trading_fl': None, 'notes_payable': 21404377.57, 'acct_payable': 46441233.31, 'adv_receipts': 25824295.86, 'sold_for_repur_fa': None, 'comm_payable': None, 'payroll_payable': 7527398.01, 'taxes_payable': 672624.43, 'int_payable': 214967.47, 'div_payable': None, 'oth_payable': 552650.44, 'acc_exp': None, 'deferred_inc': None, 'st_bonds_payable': None, 'payable_to_reinsurer': None, 'rsrv_insur_cont': None, 'acting_trading_sec': None, 'acting_uw_sec': None, 'non_cur_liab_due_1y': 35000000.0, 'oth_cur_liab': None, 'total_cur_liab': 212867547.09, 'bond_payable': None, 'lt_payable': None, 'specific_payables': None, 'estimated_liab': 1997975.54, 'defer_tax_liab': None, 'defer_inc_non_cur_liab': 22185707.88, 'oth_ncl': None, 'total_ncl': 24183683.42, 'depos_oth_bfi': None, 'deriv_liab': None, 'depos': None, 'agency_bus_liab': None, 'oth_liab': None, 'prem_receiv_adva': None, 'depos_received': None, 'ph_invest': None, 'reser_une_prem': None, 'reser_outstd_claims': None, 'reser_lins_liab': None, 'reser_lthins_liab': None, 'indept_acc_liab': None, 'pledge_borr': None, 'indem_payable': None, 'policy_div_payable': None, 'total_liab': 237051230.51, 'treasury_share': None, 'ordin_risk_reser': None, 'forex_differ': None, 'invest_loss_unconf': None, 'minority_int': None, 'total_hldr_eqy_exc_min_int': 831306333.78, 'total_hldr_eqy_inc_min_int': 831306333.78, 'total_liab_hldr_eqy': 1068357564.29, 'lt_payroll_payable': None, 'oth_comp_income': None, 'oth_eqt_tools': None, 'oth_eqt_tools_p_shr': None, 'lending_funds': None, 'acc_receivable': None, 'st_fin_payable': None, 'payables': None, 'hfs_assets': None, 'hfs_sales': None, 'update_flag': '1'}, {'ts_code': '688021.SH', 'ann_date': '20191105', 'f_ann_date': '20191105', 'end_date': '20190930', 'report_type': '1', 'comp_type': '1', 'total_share': 57283584.0, 'cap_rese': 175493316.64, 'undistr_porfit': 117111432.16, 'surplus_rese': 11730391.21, 'special_rese': None, 'money_cap': 17966178.13, 'trad_asset': None, 'notes_receiv': 75248186.93, 'accounts_receiv': 100735798.05, 'oth_receiv': None, 'prepayment': 7954318.1, 'div_receiv': None, 'int_receiv': None, 'inventories': 148826110.53, 'amor_exp': None, 'nca_within_1y': None, 'sett_rsrv': None, 'loanto_oth_bank_fi': None, 'premium_receiv': None, 'reinsur_receiv': None, 'reinsur_res_receiv': None, 'pur_resale_fa': None, 'oth_cur_assets': 1806628.41, 'total_cur_assets': 357403425.0, 'fa_avail_for_sale': None, 'htm_invest': None, 'lt_eqt_invest': None, 'invest_real_estate': None, 'time_deposits': None, 'oth_assets': None, 'lt_rec': None, 'fix_assets': 187762168.45, 'cip': None, 'const_materials': None, 'fixed_assets_disp': None, 'produc_bio_assets': None, 'oil_and_gas_assets': None, 'intan_assets': 33199977.94, 'r_and_d': None, 'goodwill': None, 'lt_amor_exp': 268077.51, 'defer_tax_assets': 3911389.99, 'decr_in_disbur': None, 'oth_nca': 17606695.83, 'total_nca': 261864781.61, 'cash_reser_cb': None, 'depos_in_oth_bfi': None, 'prec_metals': None, 'deriv_assets': None, 'rr_reins_une_prem': None, 'rr_reins_outstd_cla': None, 'rr_reins_lins_liab': None, 'rr_reins_lthins_liab': None, 'refund_depos': None, 'ph_pledge_loans': None, 'refund_cap_depos': None, 'indep_acct_assets': None, 'client_depos': None, 'client_prov': None, 'transac_seat_fee': None, 'invest_as_receiv': None, 'total_assets': 619268206.61, 'lt_borr': 13500000.0, 'st_borr': 99221783.4, 'cb_borr': None, 'depos_ib_deposits': None, 'loan_oth_bank': None, 'trading_fl': None, 'notes_payable': 12849455.05, 'acct_payable': 51417743.9, 'adv_receipts': 27810674.47, 'sold_for_repur_fa': None, 'comm_payable': None, 'payroll_payable': 3522764.53, 'taxes_payable': 1189054.5, 'int_payable': None, 'div_payable': None, 'oth_payable': None, 'acc_exp': None, 'deferred_inc': None, 'st_bonds_payable': None, 'payable_to_reinsurer': None, 'rsrv_insur_cont': None, 'acting_trading_sec': None, 'acting_uw_sec': None, 'non_cur_liab_due_1y': 23500000.0, 'oth_cur_liab': None, 'total_cur_liab': 220434846.64, 'bond_payable': None, 'lt_payable': None, 'specific_payables': None, 'estimated_liab': 1946068.84, 'defer_tax_liab': None, 'defer_inc_non_cur_liab': 21768567.12, 'oth_ncl': None, 'total_ncl': 37214635.96, 'depos_oth_bfi': None, 'deriv_liab': None, 'depos': None, 'agency_bus_liab': None, 'oth_liab': None, 'prem_receiv_adva': None, 'depos_received': None, 'ph_invest': None, 'reser_une_prem': None, 'reser_outstd_claims': None, 'reser_lins_liab': None, 'reser_lthins_liab': None, 'indept_acc_liab': None, 'pledge_borr': None, 'indem_payable': None, 'policy_div_payable': None, 'total_liab': 257649482.6, 'treasury_share': None, 'ordin_risk_reser': None, 'forex_differ': None, 'invest_loss_unconf': None, 'minority_int': None, 'total_hldr_eqy_exc_min_int': 361618724.01, 'total_hldr_eqy_inc_min_int': 361618724.01, 'total_liab_hldr_eqy': 619268206.61, 'lt_payroll_payable': None, 'oth_comp_income': None, 'oth_eqt_tools': None, 'oth_eqt_tools_p_shr': None, 'lending_funds': None, 'acc_receivable': None, 'st_fin_payable': None, 'payables': None, 'hfs_assets': None, 'hfs_sales': None, 'update_flag': '1'}, {'ts_code': '688021.SH', 'ann_date': '20191016', 'f_ann_date': '20191016', 'end_date': '20190630', 'report_type': '1', 'comp_type': '1', 'total_share': 57283584.0, 'cap_rese': 175493316.64, 'undistr_porfit': 112354900.69, 'surplus_rese': 11730391.21, 'special_rese': None, 'money_cap': 22349114.03, 'trad_asset': None, 'notes_receiv': 74815372.25, 'accounts_receiv': 111073758.15, 'oth_receiv': 2813942.95, 'prepayment': 6620701.13, 'div_receiv': None, 'int_receiv': None, 'inventories': 158537711.74, 'amor_exp': None, 'nca_within_1y': None, 'sett_rsrv': None, 'loanto_oth_bank_fi': None, 'premium_receiv': None, 'reinsur_receiv': None, 'reinsur_res_receiv': None, 'pur_resale_fa': None, 'oth_cur_assets': 4570046.32, 'total_cur_assets': 380780646.57, 'fa_avail_for_sale': None, 'htm_invest': None, 'lt_eqt_invest': None, 'invest_real_estate': None, 'time_deposits': None, 'oth_assets': None, 'lt_rec': None, 'fix_assets': 184157958.96, 'cip': 21368884.92, 'const_materials': None, 'fixed_assets_disp': None, 'produc_bio_assets': None, 'oil_and_gas_assets': None, 'intan_assets': 33423030.04, 'r_and_d': None, 'goodwill': None, 'lt_amor_exp': 415486.77, 'defer_tax_assets': 4411898.51, 'decr_in_disbur': None, 'oth_nca': 7274436.56, 'total_nca': 253551695.76, 'cash_reser_cb': None, 'depos_in_oth_bfi': None, 'prec_metals': None, 'deriv_assets': None, 'rr_reins_une_prem': None, 'rr_reins_outstd_cla': None, 'rr_reins_lins_liab': None, 'rr_reins_lthins_liab': None, 'refund_depos': None, 'ph_pledge_loans': None, 'refund_cap_depos': None, 'indep_acct_assets': None, 'client_depos': None, 'client_prov': None, 'transac_seat_fee': None, 'invest_as_receiv': None, 'total_assets': 634332342.33, 'lt_borr': 34000000.0, 'st_borr': 117711783.4, 'cb_borr': None, 'depos_ib_deposits': None, 'loan_oth_bank': None, 'trading_fl': None, 'notes_payable': 3327476.6, 'acct_payable': 54399318.84, 'adv_receipts': 34924823.69, 'sold_for_repur_fa': None, 'comm_payable': None, 'payroll_payable': 4275758.58, 'taxes_payable': 1751386.84, 'int_payable': 231001.69, 'div_payable': None, 'oth_payable': 322642.19, 'acc_exp': None, 'deferred_inc': None, 'st_bonds_payable': None, 'payable_to_reinsurer': None, 'rsrv_insur_cont': None, 'acting_trading_sec': None, 'acting_uw_sec': None, 'non_cur_liab_due_1y': 3500000.0, 'oth_cur_liab': None, 'total_cur_liab': 220444191.83, 'bond_payable': None, 'lt_payable': None, 'specific_payables': None, 'estimated_liab': 1322140.83, 'defer_tax_liab': None, 'defer_inc_non_cur_liab': 21703817.13, 'oth_ncl': None, 'total_ncl': 57025957.96, 'depos_oth_bfi': None, 'deriv_liab': None, 'depos': None, 'agency_bus_liab': None, 'oth_liab': None, 'prem_receiv_adva': None, 'depos_received': None, 'ph_invest': None, 'reser_une_prem': None, 'reser_outstd_claims': None, 'reser_lins_liab': None, 'reser_lthins_liab': None, 'indept_acc_liab': None, 'pledge_borr': None, 'indem_payable': None, 'policy_div_payable': None, 'total_liab': 277470149.79, 'treasury_share': None, 'ordin_risk_reser': None, 'forex_differ': None, 'invest_loss_unconf': None, 'minority_int': None, 'total_hldr_eqy_exc_min_int': 356862192.54, 'total_hldr_eqy_inc_min_int': 356862192.54, 'total_liab_hldr_eqy': 634332342.33, 'lt_payroll_payable': None, 'oth_comp_income': None, 'oth_eqt_tools': None, 'oth_eqt_tools_p_shr': None, 'lending_funds': None, 'acc_receivable': None, 'st_fin_payable': None, 'payables': None, 'hfs_assets': None, 'hfs_sales': None, 'update_flag': '1'}  ... displaying 10 of 11 total bound parameter sets ...  {'ts_code': '688021.SH', 'ann_date': '20191016', 'f_ann_date': '20191016', 'end_date': '20171231', 'report_type': '1', 'comp_type': '1', 'total_share': 57283584.0, 'cap_rese': 175531631.44, 'undistr_porfit': 44643048.33, 'surplus_rese': 6973748.4, 'special_rese': None, 'money_cap': 34844854.94, 'trad_asset': None, 'notes_receiv': 53420786.4, 'accounts_receiv': 78357504.55, 'oth_receiv': 2350586.37, 'prepayment': 4682849.47, 'div_receiv': None, 'int_receiv': None, 'inventories': 95438045.86, 'amor_exp': None, 'nca_within_1y': None, 'sett_rsrv': None, 'loanto_oth_bank_fi': None, 'premium_receiv': None, 'reinsur_receiv': None, 'reinsur_res_receiv': None, 'pur_resale_fa': None, 'oth_cur_assets': 4140546.72, 'total_cur_assets': 273235174.31, 'fa_avail_for_sale': 2500000.0, 'htm_invest': None, 'lt_eqt_invest': None, 'invest_real_estate': None, 'time_deposits': None, 'oth_assets': None, 'lt_rec': None, 'fix_assets': 142851571.73, 'cip': 18837732.58, 'const_materials': None, 'fixed_assets_disp': None, 'produc_bio_assets': None, 'oil_and_gas_assets': None, 'intan_assets': 34558538.49, 'r_and_d': None, 'goodwill': None, 'lt_amor_exp': 756038.64, 'defer_tax_assets': 3810510.14, 'decr_in_disbur': None, 'oth_nca': 9445116.89, 'total_nca': 212759508.47, 'cash_reser_cb': None, 'depos_in_oth_bfi': None, 'prec_metals': None, 'deriv_assets': None, 'rr_reins_une_prem': None, 'rr_reins_outstd_cla': None, 'rr_reins_lins_liab': None, 'rr_reins_lthins_liab': None, 'refund_depos': None, 'ph_pledge_loans': None, 'refund_cap_depos': None, 'indep_acct_assets': None, 'client_depos': None, 'client_prov': None, 'transac_seat_fee': None, 'invest_as_receiv': None, 'total_assets': 485994682.77, 'lt_borr': 45000000.0, 'st_borr': 46826846.0, 'cb_borr': None, 'depos_ib_deposits': None, 'loan_oth_bank': None, 'trading_fl': None, 'notes_payable': 1600000.0, 'acct_payable': 32741986.77, 'adv_receipts': 22107712.09, 'sold_for_repur_fa': None, 'comm_payable': None, 'payroll_payable': 8205372.87, 'taxes_payable': 6567439.45, 'int_payable': 269321.64, 'div_payable': None, 'oth_payable': 2003550.81, 'acc_exp': None, 'deferred_inc': None, 'st_bonds_payable': None, 'payable_to_reinsurer': None, 'rsrv_insur_cont': None, 'acting_trading_sec': None, 'acting_uw_sec': None, 'non_cur_liab_due_1y': 13000000.0, 'oth_cur_liab': None, 'total_cur_liab': 133322229.63, 'bond_payable': None, 'lt_payable': None, 'specific_payables': None, 'estimated_liab': 643687.32, 'defer_tax_liab': None, 'defer_inc_non_cur_liab': 21657644.88, 'oth_ncl': None, 'total_ncl': 67301332.2, 'depos_oth_bfi': None, 'deriv_liab': None, 'depos': None, 'agency_bus_liab': None, 'oth_liab': None, 'prem_receiv_adva': None, 'depos_received': None, 'ph_invest': None, 'reser_une_prem': None, 'reser_outstd_claims': None, 'reser_lins_liab': None, 'reser_lthins_liab': None, 'indept_acc_liab': None, 'pledge_borr': None, 'indem_payable': None, 'policy_div_payable': None, 'total_liab': 200623561.83, 'treasury_share': None, 'ordin_risk_reser': None, 'forex_differ': None, 'invest_loss_unconf': None, 'minority_int': 939108.77, 'total_hldr_eqy_exc_min_int': 284432012.17, 'total_hldr_eqy_inc_min_int': 285371120.94, 'total_liab_hldr_eqy': 485994682.77, 'lt_payroll_payable': None, 'oth_comp_income': None, 'oth_eqt_tools': None, 'oth_eqt_tools_p_shr': None, 'lending_funds': None, 'acc_receivable': None, 'st_fin_payable': None, 'payables': None, 'hfs_assets': None, 'hfs_sales': None, 'update_flag': '1'}, {'ts_code': '688021.SH', 'ann_date': '20191016', 'f_ann_date': '20191016', 'end_date': '20161231', 'report_type': '1', 'comp_type': '1', 'total_share': 53125000.0, 'cap_rese': 103380215.44, 'undistr_porfit': -4878172.85, 'surplus_rese': 830384.21, 'special_rese': None, 'money_cap': 15958941.87, 'trad_asset': None, 'notes_receiv': 33392112.24, 'accounts_receiv': 47604261.9, 'oth_receiv': 5427712.4, 'prepayment': 905511.98, 'div_receiv': None, 'int_receiv': None, 'inventories': 36061493.64, 'amor_exp': None, 'nca_within_1y': None, 'sett_rsrv': None, 'loanto_oth_bank_fi': None, 'premium_receiv': None, 'reinsur_receiv': None, 'reinsur_res_receiv': None, 'pur_resale_fa': None, 'oth_cur_assets': 637656.54, 'total_cur_assets': 139987690.57, 'fa_avail_for_sale': 2100000.0, 'htm_invest': None, 'lt_eqt_invest': None, 'invest_real_estate': None, 'time_deposits': None, 'oth_assets': None, 'lt_rec': None, 'fix_assets': 117531531.3, 'cip': 29194031.67, 'const_materials': None, 'fixed_assets_disp': None, 'produc_bio_assets': None, 'oil_and_gas_assets': None, 'intan_assets': 35212938.04, 'r_and_d': None, 'goodwill': None, 'lt_amor_exp': 548581.64, 'defer_tax_assets': 2181424.11, 'decr_in_disbur': None, 'oth_nca': 572679.82, 'total_nca': 187341186.58, 'cash_reser_cb': None, 'depos_in_oth_bfi': None, 'prec_metals': None, 'deriv_assets': None, 'rr_reins_une_prem': None, 'rr_reins_outstd_cla': None, 'rr_reins_lins_liab': None, 'rr_reins_lthins_liab': None, 'refund_depos': None, 'ph_pledge_loans': None, 'refund_cap_depos': None, 'indep_acct_assets': None, 'client_depos': None, 'client_prov': None, 'transac_seat_fee': None, 'invest_as_receiv': None, 'total_assets': 327328877.15, 'lt_borr': 26250000.0, 'st_borr': 74810536.0, 'cb_borr': None, 'depos_ib_deposits': None, 'loan_oth_bank': None, 'trading_fl': None, 'notes_payable': 0.0, 'acct_payable': 28009104.48, 'adv_receipts': 3421818.62, 'sold_for_repur_fa': None, 'comm_payable': None, 'payroll_payable': 5092297.04, 'taxes_payable': 3676156.76, 'int_payable': 191333.67, 'div_payable': None, 'oth_payable': 452837.62, 'acc_exp': None, 'deferred_inc': None, 'st_bonds_payable': None, 'payable_to_reinsurer': None, 'rsrv_insur_cont': None, 'acting_trading_sec': None, 'acting_uw_sec': None, 'non_cur_liab_due_1y': 10367218.18, 'oth_cur_liab': None, 'total_cur_liab': 126021302.37, 'bond_payable': None, 'lt_payable': None, 'specific_payables': None, 'estimated_liab': 304284.64, 'defer_tax_liab': None, 'defer_inc_non_cur_liab': 22295863.34, 'oth_ncl': None, 'total_ncl': 48850147.98, 'depos_oth_bfi': None, 'deriv_liab': None, 'depos': None, 'agency_bus_liab': None, 'oth_liab': None, 'prem_receiv_adva': None, 'depos_received': None, 'ph_invest': None, 'reser_une_prem': None, 'reser_outstd_claims': None, 'reser_lins_liab': None, 'reser_lthins_liab': None, 'indept_acc_liab': None, 'pledge_borr': None, 'indem_payable': None, 'policy_div_payable': None, 'total_liab': 174871450.35, 'treasury_share': None, 'ordin_risk_reser': None, 'forex_differ': None, 'invest_loss_unconf': None, 'minority_int': None, 'total_hldr_eqy_exc_min_int': 152457426.8, 'total_hldr_eqy_inc_min_int': 152457426.8, 'total_liab_hldr_eqy': 327328877.15, 'lt_payroll_payable': None, 'oth_comp_income': None, 'oth_eqt_tools': None, 'oth_eqt_tools_p_shr': None, 'lending_funds': None, 'acc_receivable': None, 'st_fin_payable': None, 'payables': None, 'hfs_assets': None, 'hfs_sales': None, 'update_flag': '1'})]
(Background on this error at: https://sqlalche.me/e/14/gkpj)

During handling of the above exception, another exception occurred:

Traceback (most recent call last):
  File "run.py", line 85, in <module>
    update_balancesheet(start_date, end_date)
  File "run.py", line 52, in update_balancesheet
    mf.update_all_balancesheet(engine, pro, codes, start_date, end_date, 3, 2)
  File "/root/users/Nick/invest/mysql_functions.py", line 94, in update_all_balancesheet
    sys.stdout.write(e + '\n')
TypeError: unsupported operand type(s) for +: 'IntegrityError' and 'str'
